{
  "stats": {
    "suites": 1,
    "tests": 1,
    "passes": 0,
    "pending": 0,
    "failures": 1,
    "start": "2024-08-02T12:28:19.008Z",
    "end": "2024-08-02T12:28:20.471Z",
    "duration": 1463,
    "testsRegistered": 1,
    "passPercent": 0,
    "pendingPercent": 0,
    "other": 0,
    "hasOther": false,
    "skipped": 0,
    "hasSkipped": false
  },
  "results": [
    {
      "uuid": "e9467b7b-f469-465f-8649-4f3d75cd3b16",
      "title": "",
      "fullFile": "cypress\\e2e\\integration\\integrationTestCases\\SupportPtientPotalTestCase.cy.js",
      "file": "cypress\\e2e\\integration\\integrationTestCases\\SupportPtientPotalTestCase.cy.js",
      "beforeHooks": [],
      "afterHooks": [],
      "tests": [],
      "suites": [
        {
          "uuid": "fa632c7c-b822-452d-bd5a-8e4e40f9afbf",
          "title": "TestPatient",
          "fullFile": "",
          "file": "",
          "beforeHooks": [],
          "afterHooks": [],
          "tests": [
            {
              "title": "Patient Support",
              "fullTitle": "TestPatient Patient Support",
              "timedOut": null,
              "duration": 1383,
              "state": "failed",
              "speed": null,
              "pass": false,
              "fail": true,
              "pending": false,
              "context": "[\n  {\n    \"title\": \"cypress-mochawesome-reporter-videos-failed\",\n    \"value\": \"cypress\\\\e2e\\\\integration\\\\integrationTestCases\\\\SupportPtientPotalTestCase.cy.js\"\n  },\n  {\n    \"title\": \"cypress-mochawesome-reporter-screenshots\",\n    \"value\": [\n      [\n        \"\\\\SupportPtientPotalTestCase.cy.js\\\\TestPatient -- Patient Support -- before all hook Login (failed).png\"\n      ]\n    ]\n  }\n]",
              "code": "const PatientPortal = new _patientObject.default();\nconst Support = new _supportPatientPortal.default();\n// cy.visit(Cypress.env('URL4'))\n// PatientPortal.getUser().type(this.Data.userName)\n// PatientPortal.getPwd().type(this.Data.PassWard)\n// PatientPortal.getSubmit().click()\nthis.Data.forEach(function (User) {\n  cy.clickBoldLink('SUPPORT');\n  //Support.getPatientSupport().click()\n  Support.getPatientSubject().type(User.subject);\n  Support.getPatientComments().type(User.Comment);\n  Support.getPatientSubmit().click();\n  Support.getImgClick().click();\n  cy.on('window:alert', function (a) {\n    expect(a).equal('Saved Successfully');\n  });\n});",
              "err": {
                "message": "CypressError: `cy.visit()` failed trying to load:\n\nhttps://his-24-1-gar-sit.napierhealthcare.com/PatientPortal/\n\nWe attempted to make an http request to this URL but the request failed without a response.\n\nWe received this error at the network level:\n\n  > Error: getaddrinfo ENOTFOUND his-24-1-gar-sit.napierhealthcare.com\n\nCommon situations why this would fail:\n  - you don't have internet access\n  - you forgot to run / boot your web server\n  - your web server isn't accessible\n  - you have weird network configuration settings on your computer\n\nBecause this error occurred during a `before all` hook we are skipping the remaining tests in the current suite: `TestPatient`",
                "estack": "CypressError: `cy.visit()` failed trying to load:\n\nhttps://his-24-1-gar-sit.napierhealthcare.com/PatientPortal/\n\nWe attempted to make an http request to this URL but the request failed without a response.\n\nWe received this error at the network level:\n\n  > Error: getaddrinfo ENOTFOUND his-24-1-gar-sit.napierhealthcare.com\n\nCommon situations why this would fail:\n  - you don't have internet access\n  - you forgot to run / boot your web server\n  - your web server isn't accessible\n  - you have weird network configuration settings on your computer\n\nBecause this error occurred during a `before all` hook we are skipping the remaining tests in the current suite: `TestPatient`\n    at <unknown> (http://localhost:59220/__cypress/runner/cypress_runner.js:131491:74)\n    at visitFailedByErr (http://localhost:59220/__cypress/runner/cypress_runner.js:130889:12)\n    at <unknown> (http://localhost:59220/__cypress/runner/cypress_runner.js:131490:11)\n    at tryCatcher (http://localhost:59220/__cypress/runner/cypress_runner.js:1807:23)\n    at Promise._settlePromiseFromHandler (http://localhost:59220/__cypress/runner/cypress_runner.js:1519:31)\n    at Promise._settlePromise (http://localhost:59220/__cypress/runner/cypress_runner.js:1576:18)\n    at Promise._settlePromise0 (http://localhost:59220/__cypress/runner/cypress_runner.js:1621:10)\n    at Promise._settlePromises (http://localhost:59220/__cypress/runner/cypress_runner.js:1697:18)\n    at _drainQueueStep (http://localhost:59220/__cypress/runner/cypress_runner.js:2407:12)\n    at _drainQueue (http://localhost:59220/__cypress/runner/cypress_runner.js:2400:9)\n    at Async._drainQueues (http://localhost:59220/__cypress/runner/cypress_runner.js:2416:5)\n    at Async.drainQueues (http://localhost:59220/__cypress/runner/cypress_runner.js:2286:14)\nFrom Your Spec Code:\n    at Context.eval (webpack:///./cypress/e2e/integration/integrationTestCases/SupportPtientPotalTestCase.cy.js:9:11)\n\nFrom Node.js Internals:\n  Error: getaddrinfo ENOTFOUND his-24-1-gar-sit.napierhealthcare.com\n      at GetAddrInfoReqWrap.onlookup [as oncomplete] (node:dns:108:26)",
                "diff": null
              },
              "uuid": "40f4a37b-159d-4d2c-a77c-4f78df5aba59",
              "parentUUID": "fa632c7c-b822-452d-bd5a-8e4e40f9afbf",
              "isHook": false,
              "skipped": false
            }
          ],
          "suites": [],
          "passes": [],
          "failures": [
            "40f4a37b-159d-4d2c-a77c-4f78df5aba59"
          ],
          "pending": [],
          "skipped": [],
          "duration": 1383,
          "root": false,
          "rootEmpty": false,
          "_timeout": 2000
        }
      ],
      "passes": [],
      "failures": [],
      "pending": [],
      "skipped": [],
      "duration": 0,
      "root": true,
      "rootEmpty": true,
      "_timeout": 2000
    }
  ],
  "meta": {
    "mocha": {
      "version": "7.0.1"
    },
    "mochawesome": {
      "options": {
        "quiet": false,
        "reportFilename": "mochawesome",
        "saveHtml": false,
        "saveJson": true,
        "consoleReporter": "spec",
        "useInlineDiffs": false,
        "code": true
      },
      "version": "7.1.3"
    },
    "marge": {
      "options": {
        "overwrite": false,
        "html": false,
        "json": true,
        "reportDir": "cypress\\reports\\html\\.jsons"
      },
      "version": "6.2.0"
    }
  }
}